<?xml version="1.0" encoding="UTF-8"?>
<!-- Generated by org.testng.reporters.JUnitXMLReporter -->
<testsuite hostname="DESKTOP-I3I08VO" ignored="0" name="BankingApp Test" tests="2" failures="0" timestamp="2020-05-31T16:35:54 IST" time="35.645" errors="0">
  <testcase name="loginTest" time="1.671" classname="com.inetbanking.testCases.TC_Logintest_001"/>
  <testcase name="addNewCustomer" time="13.97" classname="com.inetbanking.testCases.TC_AddCustomerTest_003"/>
</testsuite> <!-- BankingApp Test -->
