<?xml version="1.0" encoding="UTF-8"?>
<!-- Generated by org.testng.reporters.JUnitXMLReporter -->
<testsuite hostname="DESKTOP-I3I08VO" ignored="0" name="BankingApp Test" tests="2" failures="0" timestamp="31 May 2020 16:48:01 GMT" time="63.851" errors="0">
  <testcase name="loginTest" time="9.027" classname="com.inetbanking.testCases.TC_Logintest_001"/>
  <testcase name="addNewCustomer" time="20.633" classname="com.inetbanking.testCases.TC_AddCustomerTest_003"/>
</testsuite> <!-- BankingApp Test -->
