<?xml version="1.0" encoding="UTF-8"?>
<testng-results skipped="0" failed="0" ignored="0" total="2" passed="2">
  <reporter-output>
  </reporter-output>
  <suite name="InetBankingV1" duration-ms="63851" started-at="2020-05-31T16:46:57Z" finished-at="2020-05-31T16:48:01Z">
    <groups>
    </groups>
    <test name="BankingApp Test" duration-ms="63851" started-at="2020-05-31T16:46:57Z" finished-at="2020-05-31T16:48:01Z">
      <class name="com.inetbanking.testCases.TC_AddCustomerTest_003">
        <test-method status="PASS" signature="setup(java.lang.String)[pri:0, instance:com.inetbanking.testCases.TC_AddCustomerTest_003@15d9bc04]" name="setup" is-config="true" duration-ms="15307" started-at="2020-05-31T16:47:25Z" finished-at="2020-05-31T16:47:40Z">
          <params>
            <param index="0">
              <value>
                <![CDATA[chrome]]>
              </value>
            </param>
          </params>
          <reporter-output>
          </reporter-output>
        </test-method> <!-- setup -->
        <test-method status="PASS" signature="addNewCustomer()[pri:0, instance:com.inetbanking.testCases.TC_AddCustomerTest_003@15d9bc04]" name="addNewCustomer" duration-ms="20633" started-at="2020-05-31T16:47:40Z" finished-at="2020-05-31T16:48:01Z">
          <reporter-output>
          </reporter-output>
        </test-method> <!-- addNewCustomer -->
        <test-method status="PASS" signature="tearDown()[pri:0, instance:com.inetbanking.testCases.TC_AddCustomerTest_003@15d9bc04]" name="tearDown" is-config="true" duration-ms="651" started-at="2020-05-31T16:48:01Z" finished-at="2020-05-31T16:48:01Z">
          <reporter-output>
          </reporter-output>
        </test-method> <!-- tearDown -->
      </class> <!-- com.inetbanking.testCases.TC_AddCustomerTest_003 -->
      <class name="com.inetbanking.testCases.TC_Logintest_001">
        <test-method status="PASS" signature="setup(java.lang.String)[pri:0, instance:com.inetbanking.testCases.TC_Logintest_001@1e9e725a]" name="setup" is-config="true" duration-ms="17341" started-at="2020-05-31T16:46:58Z" finished-at="2020-05-31T16:47:15Z">
          <params>
            <param index="0">
              <value>
                <![CDATA[chrome]]>
              </value>
            </param>
          </params>
          <reporter-output>
          </reporter-output>
        </test-method> <!-- setup -->
        <test-method status="PASS" signature="loginTest()[pri:0, instance:com.inetbanking.testCases.TC_Logintest_001@1e9e725a]" name="loginTest" duration-ms="9027" started-at="2020-05-31T16:47:15Z" finished-at="2020-05-31T16:47:24Z">
          <reporter-output>
          </reporter-output>
        </test-method> <!-- loginTest -->
        <test-method status="PASS" signature="tearDown()[pri:0, instance:com.inetbanking.testCases.TC_Logintest_001@1e9e725a]" name="tearDown" is-config="true" duration-ms="634" started-at="2020-05-31T16:47:24Z" finished-at="2020-05-31T16:47:25Z">
          <reporter-output>
          </reporter-output>
        </test-method> <!-- tearDown -->
      </class> <!-- com.inetbanking.testCases.TC_Logintest_001 -->
    </test> <!-- BankingApp Test -->
  </suite> <!-- InetBankingV1 -->
</testng-results>
