<?xml version="1.0" encoding="UTF-8"?>
<testng-results skipped="0" failed="0" ignored="0" total="2" passed="2">
  <reporter-output>
  </reporter-output>
  <suite name="InetBankingV1" duration-ms="35645" started-at="2020-05-31T16:35:18 IST" finished-at="2020-05-31T16:35:54 IST">
    <groups>
    </groups>
    <test name="BankingApp Test" duration-ms="35645" started-at="2020-05-31T16:35:18 IST" finished-at="2020-05-31T16:35:54 IST">
      <class name="com.inetbanking.testCases.TC_Logintest_001">
        <test-method status="PASS" signature="setup(java.lang.String)[pri:0, instance:com.inetbanking.testCases.TC_Logintest_001@74650e52]" name="setup" is-config="true" duration-ms="9628" started-at="2020-05-31T16:35:18 IST" finished-at="2020-05-31T16:35:28 IST">
          <params>
            <param index="0">
              <value>
                <![CDATA[chrome]]>
              </value>
            </param>
          </params>
          <reporter-output>
          </reporter-output>
        </test-method> <!-- setup -->
        <test-method status="PASS" signature="loginTest()[pri:0, instance:com.inetbanking.testCases.TC_Logintest_001@74650e52]" name="loginTest" duration-ms="1671" started-at="2020-05-31T16:35:28 IST" finished-at="2020-05-31T16:35:30 IST">
          <reporter-output>
          </reporter-output>
        </test-method> <!-- loginTest -->
        <test-method status="PASS" signature="tearDown()[pri:0, instance:com.inetbanking.testCases.TC_Logintest_001@74650e52]" name="tearDown" is-config="true" duration-ms="760" started-at="2020-05-31T16:35:30 IST" finished-at="2020-05-31T16:35:30 IST">
          <reporter-output>
          </reporter-output>
        </test-method> <!-- tearDown -->
      </class> <!-- com.inetbanking.testCases.TC_Logintest_001 -->
      <class name="com.inetbanking.testCases.TC_AddCustomerTest_003">
        <test-method status="PASS" signature="setup(java.lang.String)[pri:0, instance:com.inetbanking.testCases.TC_AddCustomerTest_003@15d0c81b]" name="setup" is-config="true" duration-ms="8674" started-at="2020-05-31T16:35:30 IST" finished-at="2020-05-31T16:35:39 IST">
          <params>
            <param index="0">
              <value>
                <![CDATA[chrome]]>
              </value>
            </param>
          </params>
          <reporter-output>
          </reporter-output>
        </test-method> <!-- setup -->
        <test-method status="PASS" signature="addNewCustomer()[pri:0, instance:com.inetbanking.testCases.TC_AddCustomerTest_003@15d0c81b]" name="addNewCustomer" duration-ms="13970" started-at="2020-05-31T16:35:39 IST" finished-at="2020-05-31T16:35:53 IST">
          <reporter-output>
          </reporter-output>
        </test-method> <!-- addNewCustomer -->
        <test-method status="PASS" signature="tearDown()[pri:0, instance:com.inetbanking.testCases.TC_AddCustomerTest_003@15d0c81b]" name="tearDown" is-config="true" duration-ms="698" started-at="2020-05-31T16:35:53 IST" finished-at="2020-05-31T16:35:54 IST">
          <reporter-output>
          </reporter-output>
        </test-method> <!-- tearDown -->
      </class> <!-- com.inetbanking.testCases.TC_AddCustomerTest_003 -->
    </test> <!-- BankingApp Test -->
  </suite> <!-- InetBankingV1 -->
</testng-results>
